{
  "timestamp": "2025-11-05T20:00:57.742Z",
  "level": "ERROR",
  "service": "client-action",
  "message": "Failed to fetch dashboard data",
  "data": {}
}
{
  "timestamp": "2025-11-05T20:55:44.408Z",
  "level": "ERROR",
  "service": "client-action",
  "message": "Failed to fetch dashboard data",
  "data": {}
}
{
  "timestamp": "2025-11-05T21:18:37.334Z",
  "level": "ERROR",
  "service": "client-action",
  "message": "Failed to fetch dashboard data",
  "data": {}
}
{
  "timestamp": "2025-11-05T22:54:32.886Z",
  "level": "ERROR",
  "service": "client-action",
  "message": "Failed to fetch dashboard data",
  "data": {}
}
{
  "timestamp": "2025-11-05T22:57:34.468Z",
  "level": "ERROR",
  "service": "client-action",
  "message": "Failed to fetch dashboard data",
  "data": {}
}
