{"timestamp":"2025-12-04T21:59:30.086Z","level":"INFO","service":"Prisma","message":"Database connected successfully"}
{"timestamp":"2025-12-04T21:59:30.091Z","level":"INFO","service":"Prisma","message":"Database connected successfully"}
{"timestamp":"2025-12-04T21:59:30.129Z","level":"INFO","service":"Prisma","message":"Database connected successfully"}
{"timestamp":"2025-12-04T21:59:30.136Z","level":"INFO","service":"Prisma","message":"Database connected successfully"}
{"timestamp":"2025-12-04T21:59:30.165Z","level":"INFO","service":"Prisma","message":"Database connected successfully"}
{"timestamp":"2025-12-04T21:59:30.168Z","level":"INFO","service":"Prisma","message":"Database connected successfully"}
{"timestamp":"2025-12-04T21:59:30.174Z","level":"INFO","service":"Prisma","message":"Database connected successfully"}
{"timestamp":"2025-12-04T21:59:30.219Z","level":"INFO","service":"Prisma","message":"Database connected successfully"}
{"timestamp":"2025-12-04T21:59:30.303Z","level":"INFO","service":"Prisma","message":"Database connected successfully"}
{"timestamp":"2025-12-04T21:59:30.335Z","level":"INFO","service":"Prisma","message":"Database connected successfully"}
{"timestamp":"2025-12-04T21:59:30.384Z","level":"INFO","service":"Prisma","message":"Database connected successfully"}
{"timestamp":"2025-12-04T21:59:30.428Z","level":"INFO","service":"Prisma","message":"Database connected successfully"}
{"timestamp":"2025-12-04T21:59:30.466Z","level":"INFO","service":"Prisma","message":"Database connected successfully"}
{"timestamp":"2025-12-04T21:59:30.469Z","level":"INFO","service":"Prisma","message":"Database connected successfully"}
{"timestamp":"2025-12-04T21:59:30.514Z","level":"INFO","service":"Prisma","message":"Database connected successfully"}
{"timestamp":"2025-12-04T21:59:30.517Z","level":"INFO","service":"Prisma","message":"Database connected successfully"}
{"timestamp":"2025-12-04T21:59:30.522Z","level":"INFO","service":"Prisma","message":"Database connected successfully"}
{"timestamp":"2025-12-04T21:59:30.527Z","level":"INFO","service":"Prisma","message":"Database connected successfully"}
{"timestamp":"2025-12-04T21:59:30.543Z","level":"INFO","service":"Prisma","message":"Database connected successfully"}
{"timestamp":"2025-12-04T21:59:30.551Z","level":"INFO","service":"Prisma","message":"Database connected successfully"}
{"timestamp":"2025-12-04T21:59:30.553Z","level":"INFO","service":"Prisma","message":"Database connected successfully"}
{"timestamp":"2025-12-04T21:59:30.567Z","level":"INFO","service":"Prisma","message":"Database connected successfully"}
{"timestamp":"2025-12-04T21:59:39.965Z","level":"INFO","service":"Prisma","message":"Database connected successfully"}
{"timestamp":"2025-12-04T21:59:40.028Z","level":"INFO","service":"Prisma","message":"Database connected successfully"}
{"timestamp":"2025-12-04T21:59:40.110Z","level":"INFO","service":"Prisma","message":"Database connected successfully"}
{"timestamp":"2025-12-04T21:59:40.178Z","level":"INFO","service":"Prisma","message":"Database connected successfully"}
{"timestamp":"2025-12-04T21:59:54.753Z","level":"INFO","service":"Prisma","message":"Database connected successfully"}
{"timestamp":"2025-12-04T22:00:56.143Z","level":"INFO","service":"Prisma","message":"Database connected successfully"}
{"timestamp":"2025-12-04T22:01:56.061Z","level":"INFO","service":"AuthRegisterAPI","message":"✅ User registered","data":{"userId":"cmirzdxzs0000tke11k21ra67","email":"aryanak9163@gmail.com"}}
{"timestamp":"2025-12-04T22:02:04.786Z","level":"INFO","service":"AuthValidator","message":"User validated successfully","data":{"userId":"cmirzdxzs0000tke11k21ra67"}}
{"timestamp":"2025-12-04T22:02:04.788Z","level":"INFO","service":"FraudDetectionService","message":"Analyzing fraud risk","data":{"userId":"cmirzdxzs0000tke11k21ra67"}}
{"timestamp":"2025-12-04T22:02:04.951Z","level":"INFO","service":"FraudDetectionService","message":"Fraud analysis completed","data":{"userId":"cmirzdxzs0000tke11k21ra67","score":"0.180"}}
{"timestamp":"2025-12-04T22:02:04.952Z","level":"INFO","service":"NextAuth","message":"User authenticated successfully","data":{"userId":"cmirzdxzs0000tke11k21ra67"}}
{"timestamp":"2025-12-04T22:02:07.952Z","level":"INFO","service":"AuthValidator","message":"User validated successfully","data":{"userId":"cmirzdxzs0000tke11k21ra67"}}
{"timestamp":"2025-12-04T22:02:07.954Z","level":"INFO","service":"FraudDetectionService","message":"Analyzing fraud risk","data":{"userId":"cmirzdxzs0000tke11k21ra67"}}
{"timestamp":"2025-12-04T22:02:07.975Z","level":"INFO","service":"FraudDetectionService","message":"Fraud analysis completed","data":{"userId":"cmirzdxzs0000tke11k21ra67","score":"0.180"}}
{"timestamp":"2025-12-04T22:02:07.975Z","level":"INFO","service":"NextAuth","message":"User authenticated successfully","data":{"userId":"cmirzdxzs0000tke11k21ra67"}}
{"timestamp":"2025-12-04T22:02:09.458Z","level":"INFO","service":"AuthValidator","message":"User validated successfully","data":{"userId":"cmirzdxzs0000tke11k21ra67"}}
{"timestamp":"2025-12-04T22:02:09.459Z","level":"INFO","service":"FraudDetectionService","message":"Analyzing fraud risk","data":{"userId":"cmirzdxzs0000tke11k21ra67"}}
{"timestamp":"2025-12-04T22:02:09.482Z","level":"INFO","service":"FraudDetectionService","message":"Fraud analysis completed","data":{"userId":"cmirzdxzs0000tke11k21ra67","score":"0.180"}}
{"timestamp":"2025-12-04T22:02:09.483Z","level":"INFO","service":"NextAuth","message":"User authenticated successfully","data":{"userId":"cmirzdxzs0000tke11k21ra67"}}
{"timestamp":"2025-12-04T22:02:26.580Z","level":"INFO","service":"AuthValidator","message":"User validated successfully","data":{"userId":"cmirz9yv70000vke14cmgy7p0"}}
{"timestamp":"2025-12-04T22:02:26.581Z","level":"INFO","service":"FraudDetectionService","message":"Analyzing fraud risk","data":{"userId":"cmirz9yv70000vke14cmgy7p0"}}
{"timestamp":"2025-12-04T22:02:26.731Z","level":"INFO","service":"FraudDetectionService","message":"Fraud analysis completed","data":{"userId":"cmirz9yv70000vke14cmgy7p0","score":"0.180"}}
{"timestamp":"2025-12-04T22:02:26.731Z","level":"INFO","service":"NextAuth","message":"User authenticated successfully","data":{"userId":"cmirz9yv70000vke14cmgy7p0"}}
{"timestamp":"2025-12-04T22:02:29.434Z","level":"INFO","service":"AuthValidator","message":"User validated successfully","data":{"userId":"cmirz9yv70000vke14cmgy7p0"}}
{"timestamp":"2025-12-04T22:02:29.435Z","level":"INFO","service":"FraudDetectionService","message":"Analyzing fraud risk","data":{"userId":"cmirz9yv70000vke14cmgy7p0"}}
{"timestamp":"2025-12-04T22:02:30.059Z","level":"INFO","service":"FraudDetectionService","message":"Fraud analysis completed","data":{"userId":"cmirz9yv70000vke14cmgy7p0","score":"0.180"}}
{"timestamp":"2025-12-04T22:02:30.065Z","level":"INFO","service":"NextAuth","message":"User authenticated successfully","data":{"userId":"cmirz9yv70000vke14cmgy7p0"}}
{"timestamp":"2025-12-04T22:04:03.380Z","level":"INFO","service":"Prisma","message":"Database connected successfully"}
{"timestamp":"2025-12-04T22:04:03.448Z","level":"INFO","service":"Prisma","message":"Database connected successfully"}
{"timestamp":"2025-12-04T22:04:03.454Z","level":"INFO","service":"Prisma","message":"Database connected successfully"}
{"timestamp":"2025-12-04T22:04:03.485Z","level":"INFO","service":"Prisma","message":"Database connected successfully"}
{"timestamp":"2025-12-04T22:04:03.530Z","level":"INFO","service":"Prisma","message":"Database connected successfully"}
{"timestamp":"2025-12-04T22:04:03.543Z","level":"INFO","service":"Prisma","message":"Database connected successfully"}
{"timestamp":"2025-12-04T22:04:03.566Z","level":"INFO","service":"Prisma","message":"Database connected successfully"}
{"timestamp":"2025-12-04T22:04:03.605Z","level":"INFO","service":"Prisma","message":"Database connected successfully"}
{"timestamp":"2025-12-04T22:04:03.787Z","level":"INFO","service":"Prisma","message":"Database connected successfully"}
{"timestamp":"2025-12-04T22:04:03.823Z","level":"INFO","service":"Prisma","message":"Database connected successfully"}
{"timestamp":"2025-12-04T22:04:03.846Z","level":"INFO","service":"Prisma","message":"Database connected successfully"}
{"timestamp":"2025-12-04T22:04:03.854Z","level":"INFO","service":"Prisma","message":"Database connected successfully"}
{"timestamp":"2025-12-04T22:04:03.877Z","level":"INFO","service":"Prisma","message":"Database connected successfully"}
{"timestamp":"2025-12-04T22:04:03.880Z","level":"INFO","service":"Prisma","message":"Database connected successfully"}
{"timestamp":"2025-12-04T22:04:03.884Z","level":"INFO","service":"Prisma","message":"Database connected successfully"}
{"timestamp":"2025-12-04T22:04:03.897Z","level":"INFO","service":"Prisma","message":"Database connected successfully"}
{"timestamp":"2025-12-04T22:04:03.931Z","level":"INFO","service":"Prisma","message":"Database connected successfully"}
{"timestamp":"2025-12-04T22:04:03.936Z","level":"INFO","service":"Prisma","message":"Database connected successfully"}
{"timestamp":"2025-12-04T22:04:03.941Z","level":"INFO","service":"Prisma","message":"Database connected successfully"}
{"timestamp":"2025-12-04T22:04:03.973Z","level":"INFO","service":"Prisma","message":"Database connected successfully"}
{"timestamp":"2025-12-04T22:04:03.976Z","level":"INFO","service":"Prisma","message":"Database connected successfully"}
{"timestamp":"2025-12-04T22:04:13.318Z","level":"INFO","service":"Prisma","message":"Database connected successfully"}
{"timestamp":"2025-12-04T22:04:13.359Z","level":"INFO","service":"Prisma","message":"Database connected successfully"}
{"timestamp":"2025-12-04T22:04:13.488Z","level":"INFO","service":"Prisma","message":"Database connected successfully"}
{"timestamp":"2025-12-04T22:04:13.562Z","level":"INFO","service":"Prisma","message":"Database connected successfully"}
{"timestamp":"2025-12-04T22:04:28.965Z","level":"INFO","service":"Prisma","message":"Database connected successfully"}
{"timestamp":"2025-12-04T22:04:29.099Z","level":"INFO","service":"Prisma","message":"Database connected successfully"}
{"timestamp":"2025-12-04T22:05:34.761Z","level":"INFO","service":"AuthRegisterAPI","message":"✅ User registered","data":{"userId":"cmirzimqt0000yge1v5aywc29","email":"aryanak9164@gmail.com"}}
{"timestamp":"2025-12-04T22:05:43.554Z","level":"INFO","service":"AuthValidator","message":"User validated successfully","data":{"userId":"cmirzimqt0000yge1v5aywc29"}}
{"timestamp":"2025-12-04T22:05:43.556Z","level":"INFO","service":"FraudDetectionService","message":"Analyzing fraud risk","data":{"userId":"cmirzimqt0000yge1v5aywc29"}}
{"timestamp":"2025-12-04T22:05:43.697Z","level":"INFO","service":"FraudDetectionService","message":"Fraud analysis completed","data":{"userId":"cmirzimqt0000yge1v5aywc29","score":"0.180"}}
{"timestamp":"2025-12-04T22:05:43.698Z","level":"INFO","service":"NextAuth","message":"User authenticated successfully","data":{"userId":"cmirzimqt0000yge1v5aywc29"}}
{"timestamp":"2025-12-04T22:11:17.825Z","level":"INFO","service":"Prisma","message":"Database connected successfully"}
{"timestamp":"2025-12-04T22:11:17.834Z","level":"INFO","service":"Prisma","message":"Database connected successfully"}
{"timestamp":"2025-12-04T22:11:17.842Z","level":"INFO","service":"Prisma","message":"Database connected successfully"}
{"timestamp":"2025-12-04T22:11:17.867Z","level":"INFO","service":"Prisma","message":"Database connected successfully"}
{"timestamp":"2025-12-04T22:11:17.882Z","level":"INFO","service":"Prisma","message":"Database connected successfully"}
{"timestamp":"2025-12-04T22:11:17.895Z","level":"INFO","service":"Prisma","message":"Database connected successfully"}
{"timestamp":"2025-12-04T22:11:17.968Z","level":"INFO","service":"Prisma","message":"Database connected successfully"}
{"timestamp":"2025-12-04T22:11:17.982Z","level":"INFO","service":"Prisma","message":"Database connected successfully"}
{"timestamp":"2025-12-04T22:11:18.043Z","level":"INFO","service":"Prisma","message":"Database connected successfully"}
{"timestamp":"2025-12-04T22:11:18.053Z","level":"INFO","service":"Prisma","message":"Database connected successfully"}
{"timestamp":"2025-12-04T22:11:18.117Z","level":"INFO","service":"Prisma","message":"Database connected successfully"}
{"timestamp":"2025-12-04T22:11:18.139Z","level":"INFO","service":"Prisma","message":"Database connected successfully"}
{"timestamp":"2025-12-04T22:11:18.146Z","level":"INFO","service":"Prisma","message":"Database connected successfully"}
{"timestamp":"2025-12-04T22:11:18.162Z","level":"INFO","service":"Prisma","message":"Database connected successfully"}
{"timestamp":"2025-12-04T22:11:18.164Z","level":"INFO","service":"Prisma","message":"Database connected successfully"}
{"timestamp":"2025-12-04T22:11:18.165Z","level":"INFO","service":"Prisma","message":"Database connected successfully"}
{"timestamp":"2025-12-04T22:11:18.176Z","level":"INFO","service":"Prisma","message":"Database connected successfully"}
{"timestamp":"2025-12-04T22:11:18.197Z","level":"INFO","service":"Prisma","message":"Database connected successfully"}
{"timestamp":"2025-12-04T22:11:18.201Z","level":"INFO","service":"Prisma","message":"Database connected successfully"}
{"timestamp":"2025-12-04T22:11:27.418Z","level":"INFO","service":"Prisma","message":"Database connected successfully"}
{"timestamp":"2025-12-04T22:11:27.480Z","level":"INFO","service":"Prisma","message":"Database connected successfully"}
{"timestamp":"2025-12-04T22:11:27.562Z","level":"INFO","service":"Prisma","message":"Database connected successfully"}
{"timestamp":"2025-12-04T22:11:27.624Z","level":"INFO","service":"Prisma","message":"Database connected successfully"}
{"timestamp":"2025-12-04T22:11:37.934Z","level":"INFO","service":"Prisma","message":"Database connected successfully"}
{"timestamp":"2025-12-04T22:11:41.560Z","level":"INFO","service":"Prisma","message":"Database connected successfully"}
{"timestamp":"2025-12-04T22:12:31.686Z","level":"INFO","service":"AuthRegisterAPI","message":"✅ User registered","data":{"userId":"cmirzrkg30000tke1qevnux6d","email":"adi123@gmail.com"}}
{"timestamp":"2025-12-04T22:12:38.693Z","level":"INFO","service":"AuthValidator","message":"User validated successfully","data":{"userId":"cmirzrkg30000tke1qevnux6d"}}
{"timestamp":"2025-12-04T22:12:38.694Z","level":"INFO","service":"FraudDetectionService","message":"Analyzing fraud risk","data":{"userId":"cmirzrkg30000tke1qevnux6d"}}
{"timestamp":"2025-12-04T22:12:38.863Z","level":"INFO","service":"FraudDetectionService","message":"Fraud analysis completed","data":{"userId":"cmirzrkg30000tke1qevnux6d","score":"0.180"}}
{"timestamp":"2025-12-04T22:12:38.863Z","level":"INFO","service":"NextAuth","message":"User authenticated successfully","data":{"userId":"cmirzrkg30000tke1qevnux6d"}}
