{
  "timestamp": "2025-11-03T22:59:28.264Z",
  "level": "INFO",
  "service": "Prisma",
  "message": "Database connected successfully"
}
{
  "timestamp": "2025-11-03T23:01:11.863Z",
  "level": "INFO",
  "service": "Prisma",
  "message": "Database connected successfully"
}
{
  "timestamp": "2025-11-03T23:03:27.849Z",
  "level": "INFO",
  "service": "Prisma",
  "message": "Database connected successfully"
}
{
  "timestamp": "2025-11-03T23:05:14.156Z",
  "level": "INFO",
  "service": "Prisma",
  "message": "Database connected successfully"
}
{
  "timestamp": "2025-11-03T23:07:15.176Z",
  "level": "INFO",
  "service": "Prisma",
  "message": "Database connected successfully"
}
{
  "timestamp": "2025-11-03T23:28:40.826Z",
  "level": "INFO",
  "service": "Prisma",
  "message": "Database connected successfully"
}
{
  "timestamp": "2025-11-03T23:29:13.812Z",
  "level": "INFO",
  "service": "Prisma",
  "message": "Database connected successfully"
}
{
  "timestamp": "2025-11-03T23:30:18.607Z",
  "level": "INFO",
  "service": "Prisma",
  "message": "Database connected successfully"
}
{
  "timestamp": "2025-11-03T23:30:26.588Z",
  "level": "INFO",
  "service": "Prisma",
  "message": "Database connected successfully"
}
{
  "timestamp": "2025-11-03T23:30:37.751Z",
  "level": "INFO",
  "service": "Prisma",
  "message": "Database connected successfully"
}
